# JRE version: Java(TM) SE Runtime Environment (14.0.2+12) (build 14.0.2+12-46)
# Java VM: Java HotSpot(TM) 64-Bit Server VM (14.0.2+12-46, mixed mode, sharing, tiered, compressed oops, parallel gc, bsd-amd64)
Heap:
 PSYoungGen      total 29696K, used 18587K [0x00000007eab00000, 0x00000007ecc00000, 0x0000000800000000)
  eden space 25600K, 56% used [0x00000007eab00000,0x00000007eb9290d8,0x00000007ec400000)
  from space 4096K, 99% used [0x00000007ec800000,0x00000007ecbfdb40,0x00000007ecc00000)
  to   space 4096K, 0% used [0x00000007ec400000,0x00000007ec400000,0x00000007ec800000)
 ParOldGen       total 68608K, used 5253K [0x00000007c0000000, 0x00000007c4300000, 0x00000007eab00000)
  object space 68608K, 7% used [0x00000007c0000000,0x00000007c05214c0,0x00000007c4300000)
 Metaspace       used 11171K, capacity 11774K, committed 12160K, reserved 1060864K
  class space    used 1121K, capacity 1310K, committed 1408K, reserved 1048576K
GC Heap History (4 events):
Event: 1.386 GC heap before
{Heap before GC invocations=1 (full 0):
 PSYoungGen      total 29696K, used 25600K [0x00000007eab00000, 0x00000007ecc00000, 0x0000000800000000)
  eden space 25600K, 100% used [0x00000007eab00000,0x00000007ec400000,0x00000007ec400000)
  from space 4096K, 0% used [0x00000007ec800000,0x00000007ec800000,0x00000007ecc00000)
  to   space 4096K, 0% used [0x00000007ec400000,0x00000007ec400000,0x00000007ec800000)
 ParOldGen       total 68608K, used 0K [0x00000007c0000000, 0x00000007c4300000, 0x00000007eab00000)
  object space 68608K, 0% used [0x00000007c0000000,0x00000007c0000000,0x00000007c4300000)
 Metaspace       used 6951K, capacity 7446K, committed 7680K, reserved 1056768K
  class space    used 695K, capacity 747K, committed 768K, reserved 1048576K
}
Event: 1.390 GC heap after
{Heap after GC invocations=1 (full 0):
 PSYoungGen      total 29696K, used 3257K [0x00000007eab00000, 0x00000007ecc00000, 0x0000000800000000)
  eden space 25600K, 0% used [0x00000007eab00000,0x00000007eab00000,0x00000007ec400000)
  from space 4096K, 79% used [0x00000007ec400000,0x00000007ec72e650,0x00000007ec800000)
  to   space 4096K, 0% used [0x00000007ec800000,0x00000007ec800000,0x00000007ecc00000)
 ParOldGen       total 68608K, used 16K [0x00000007c0000000, 0x00000007c4300000, 0x00000007eab00000)
  object space 68608K, 0% used [0x00000007c0000000,0x00000007c0004000,0x00000007c4300000)
 Metaspace       used 6951K, capacity 7446K, committed 7680K, reserved 1056768K
  class space    used 695K, capacity 747K, committed 768K, reserved 1048576K
}
Event: 2.214 GC heap before
{Heap before GC invocations=2 (full 0):
 PSYoungGen      total 29696K, used 28857K [0x00000007eab00000, 0x00000007ecc00000, 0x0000000800000000)
  eden space 25600K, 100% used [0x00000007eab00000,0x00000007ec400000,0x00000007ec400000)
  from space 4096K, 79% used [0x00000007ec400000,0x00000007ec72e650,0x00000007ec800000)
  to   space 4096K, 0% used [0x00000007ec800000,0x00000007ec800000,0x00000007ecc00000)
 ParOldGen       total 68608K, used 16K [0x00000007c0000000, 0x00000007c4300000, 0x00000007eab00000)
  object space 68608K, 0% used [0x00000007c0000000,0x00000007c0004000,0x00000007c4300000)
 Metaspace       used 7623K, capacity 7935K, committed 8064K, reserved 1056768K
  class space    used 749K, capacity 846K, committed 896K, reserved 1048576K
}
Event: 2.224 GC heap after
{Heap after GC invocations=2 (full 0):
 PSYoungGen      total 29696K, used 4086K [0x00000007eab00000, 0x00000007ecc00000, 0x0000000800000000)
  eden space 25600K, 0% used [0x00000007eab00000,0x00000007eab00000,0x00000007ec400000)
  from space 4096K, 99% used [0x00000007ec800000,0x00000007ecbfdb40,0x00000007ecc00000)
  to   space 4096K, 0% used [0x00000007ec400000,0x00000007ec400000,0x00000007ec800000)
 ParOldGen       total 68608K, used 5253K [0x00000007c0000000, 0x00000007c4300000, 0x00000007eab00000)
  object space 68608K, 7% used [0x00000007c0000000,0x00000007c05214c0,0x00000007c4300000)
 Metaspace       used 7623K, capacity 7935K, committed 8064K, reserved 1056768K
  class space    used 749K, capacity 846K, committed 896K, reserved 1048576K
}

